2019-06-05 09:03:19 INFO  [net.isetjb.Application.java:main():41] - Initializing the application...
2019-06-05 09:03:19 DEBUG [net.isetjb.config.PROP.java:getInstance():39] - Trying to create Properties...
2019-06-05 09:03:19 DEBUG [net.isetjb.config.PROP.java:getInstance():46] - Success add app.properties file.
2019-06-05 09:03:19 DEBUG [net.isetjb.config.I18N.java:getInstance():42] - Internationalization settings...
2019-06-05 09:03:19 INFO  [net.isetjb.config.I18N.java:getInstance():48] - Default user Locale : en_US
2019-06-05 09:03:19 INFO  [net.isetjb.config.I18N.java:init():91] - Locale configured successfully to : en_US
2019-06-05 09:03:19 DEBUG [net.isetjb.Application.java:macosConfig():62] - Special settings for macOS users...
2019-06-05 09:03:19 INFO  [net.isetjb.Application.java:main():47] - Starting twentyone-1.0.0 Application...
2019-06-05 09:03:21 DEBUG [net.isetjb.FrameAbout.java:<init>():58] - START constructor...
2019-06-05 09:03:21 DEBUG [net.isetjb.FrameAbout.java:<init>():96] - End of constructor.
2019-06-05 09:03:21 DEBUG [net.isetjb.Frame1.java:<init>():49] - START constructor...
2019-06-05 09:03:21 DEBUG [net.isetjb.Frame1.java:<init>():67] - End of constructor.
2019-06-05 09:03:21 DEBUG [net.isetjb.MenuBar.java:<init>():58] - START constructor...
2019-06-05 09:03:21 DEBUG [net.isetjb.MenuBar.java:<init>():79] - End of constructor.
2019-06-05 09:03:21 DEBUG [net.isetjb.Desktop.java:<init>():65] - START constructor...
2019-06-05 09:03:21 DEBUG [net.isetjb.Desktop.java:<init>():134] - End of constructor.
2019-06-05 09:03:21 INFO  [net.isetjb.Application.java:main():52] - Application twentyone-1.0.0 started.
2019-06-05 09:03:33 DEBUG [net.isetjb.Desktop.java:windowClosing():123] - WindowEvent on WINDOW_CLOSING,opposite=null,oldState=0,newState=0
2019-06-05 09:03:33 DEBUG [net.isetjb.Desktop.java:confirmBeforeExit():144] - Display confirm dialog...
2019-06-05 09:03:35 DEBUG [net.isetjb.Desktop.java:confirmBeforeExit():148] - User answer YES.
2019-06-05 09:06:08 INFO  [net.isetjb.Application.java:main():41] - Initializing the application...
2019-06-05 09:06:08 DEBUG [net.isetjb.config.PROP.java:getInstance():39] - Trying to create Properties...
2019-06-05 09:06:08 DEBUG [net.isetjb.config.PROP.java:getInstance():46] - Success add app.properties file.
2019-06-05 09:06:08 DEBUG [net.isetjb.config.I18N.java:getInstance():42] - Internationalization settings...
2019-06-05 09:06:08 INFO  [net.isetjb.config.I18N.java:getInstance():48] - Default user Locale : en_US
2019-06-05 09:06:08 INFO  [net.isetjb.config.I18N.java:init():91] - Locale configured successfully to : en_US
2019-06-05 09:06:08 DEBUG [net.isetjb.Application.java:macosConfig():62] - Special settings for macOS users...
2019-06-05 09:06:08 INFO  [net.isetjb.Application.java:main():47] - Starting twentyone-1.0.0 Application...
2019-06-05 09:06:10 DEBUG [net.isetjb.FrameAbout.java:<init>():58] - START constructor...
2019-06-05 09:06:10 DEBUG [net.isetjb.FrameAbout.java:<init>():96] - End of constructor.
2019-06-05 09:06:10 DEBUG [net.isetjb.Frame1.java:<init>():49] - START constructor...
2019-06-05 09:06:10 DEBUG [net.isetjb.Frame1.java:<init>():67] - End of constructor.
2019-06-05 09:06:10 DEBUG [net.isetjb.MenuBar.java:<init>():58] - START constructor...
2019-06-05 09:06:10 DEBUG [net.isetjb.MenuBar.java:<init>():79] - End of constructor.
2019-06-05 09:06:10 DEBUG [net.isetjb.Desktop.java:<init>():65] - START constructor...
2019-06-05 09:06:10 DEBUG [net.isetjb.Desktop.java:<init>():134] - End of constructor.
2019-06-05 09:06:10 INFO  [net.isetjb.Application.java:main():52] - Application twentyone-1.0.0 started.
2019-06-05 09:06:18 DEBUG [net.isetjb.Desktop.java:windowClosing():123] - WindowEvent on WINDOW_CLOSING,opposite=null,oldState=0,newState=0
2019-06-05 09:06:18 DEBUG [net.isetjb.Desktop.java:confirmBeforeExit():144] - Display confirm dialog...
2019-06-05 09:06:19 DEBUG [net.isetjb.Desktop.java:confirmBeforeExit():148] - User answer YES.
2019-06-05 09:07:56 INFO  [net.isetjb.Application.java:main():41] - Initializing the application...
2019-06-05 09:07:56 DEBUG [net.isetjb.config.PROP.java:getInstance():39] - Trying to create Properties...
2019-06-05 09:07:56 DEBUG [net.isetjb.config.PROP.java:getInstance():46] - Success add app.properties file.
2019-06-05 09:07:56 DEBUG [net.isetjb.config.I18N.java:getInstance():42] - Internationalization settings...
2019-06-05 09:07:56 INFO  [net.isetjb.config.I18N.java:getInstance():48] - Default user Locale : en_US
2019-06-05 09:07:56 INFO  [net.isetjb.config.I18N.java:init():91] - Locale configured successfully to : en_US
2019-06-05 09:07:56 DEBUG [net.isetjb.Application.java:macosConfig():62] - Special settings for macOS users...
2019-06-05 09:07:56 INFO  [net.isetjb.Application.java:main():47] - Starting twentyone-1.0.0 Application...
2019-06-05 09:07:58 DEBUG [net.isetjb.FrameAbout.java:<init>():58] - START constructor...
2019-06-05 09:07:58 DEBUG [net.isetjb.FrameAbout.java:<init>():96] - End of constructor.
2019-06-05 09:07:58 DEBUG [net.isetjb.Frame1.java:<init>():49] - START constructor...
2019-06-05 09:07:58 DEBUG [net.isetjb.Frame1.java:<init>():76] - End of constructor.
2019-06-05 09:07:58 DEBUG [net.isetjb.MenuBar.java:<init>():58] - START constructor...
2019-06-05 09:07:58 DEBUG [net.isetjb.MenuBar.java:<init>():79] - End of constructor.
2019-06-05 09:07:58 DEBUG [net.isetjb.Desktop.java:<init>():65] - START constructor...
2019-06-05 09:07:58 DEBUG [net.isetjb.Desktop.java:<init>():134] - End of constructor.
2019-06-05 09:07:58 INFO  [net.isetjb.Application.java:main():52] - Application twentyone-1.0.0 started.
2019-06-05 09:10:35 DEBUG [net.isetjb.Desktop.java:windowClosing():123] - WindowEvent on WINDOW_CLOSING,opposite=null,oldState=0,newState=0
2019-06-05 09:10:35 DEBUG [net.isetjb.Desktop.java:confirmBeforeExit():144] - Display confirm dialog...
2019-06-05 09:10:36 DEBUG [net.isetjb.Desktop.java:confirmBeforeExit():148] - User answer YES.
2019-06-05 09:10:41 INFO  [net.isetjb.Application.java:main():41] - Initializing the application...
2019-06-05 09:10:41 DEBUG [net.isetjb.config.PROP.java:getInstance():39] - Trying to create Properties...
2019-06-05 09:10:41 DEBUG [net.isetjb.config.PROP.java:getInstance():46] - Success add app.properties file.
2019-06-05 09:10:41 DEBUG [net.isetjb.config.I18N.java:getInstance():42] - Internationalization settings...
2019-06-05 09:10:41 INFO  [net.isetjb.config.I18N.java:getInstance():48] - Default user Locale : en_US
2019-06-05 09:10:41 INFO  [net.isetjb.config.I18N.java:init():91] - Locale configured successfully to : en_US
2019-06-05 09:10:41 DEBUG [net.isetjb.Application.java:macosConfig():62] - Special settings for macOS users...
2019-06-05 09:10:41 INFO  [net.isetjb.Application.java:main():47] - Starting twentyone-1.0.0 Application...
2019-06-05 09:10:43 DEBUG [net.isetjb.FrameAbout.java:<init>():58] - START constructor...
2019-06-05 09:10:43 DEBUG [net.isetjb.FrameAbout.java:<init>():96] - End of constructor.
2019-06-05 09:10:43 DEBUG [net.isetjb.Frame1.java:<init>():49] - START constructor...
2019-06-05 09:10:43 DEBUG [net.isetjb.Frame1.java:<init>():76] - End of constructor.
2019-06-05 09:10:43 DEBUG [net.isetjb.MenuBar.java:<init>():58] - START constructor...
2019-06-05 09:10:43 DEBUG [net.isetjb.MenuBar.java:<init>():79] - End of constructor.
2019-06-05 09:10:43 DEBUG [net.isetjb.Desktop.java:<init>():65] - START constructor...
2019-06-05 09:10:43 DEBUG [net.isetjb.Desktop.java:<init>():134] - End of constructor.
2019-06-05 09:10:43 INFO  [net.isetjb.Application.java:main():52] - Application twentyone-1.0.0 started.
2019-06-05 09:10:48 DEBUG [net.isetjb.Desktop.java:windowClosing():123] - WindowEvent on WINDOW_CLOSING,opposite=null,oldState=0,newState=0
2019-06-05 09:10:48 DEBUG [net.isetjb.Desktop.java:confirmBeforeExit():144] - Display confirm dialog...
2019-06-05 09:10:50 DEBUG [net.isetjb.Desktop.java:confirmBeforeExit():148] - User answer YES.
2019-06-05 09:11:19 INFO  [net.isetjb.Application.java:main():41] - Initializing the application...
2019-06-05 09:11:19 DEBUG [net.isetjb.config.PROP.java:getInstance():39] - Trying to create Properties...
2019-06-05 09:11:19 DEBUG [net.isetjb.config.PROP.java:getInstance():46] - Success add app.properties file.
2019-06-05 09:11:19 DEBUG [net.isetjb.config.I18N.java:getInstance():42] - Internationalization settings...
2019-06-05 09:11:19 INFO  [net.isetjb.config.I18N.java:getInstance():48] - Default user Locale : en_US
2019-06-05 09:11:19 INFO  [net.isetjb.config.I18N.java:init():91] - Locale configured successfully to : en_US
2019-06-05 09:11:19 DEBUG [net.isetjb.Application.java:macosConfig():62] - Special settings for macOS users...
2019-06-05 09:11:19 INFO  [net.isetjb.Application.java:main():47] - Starting twentyone-1.0.0 Application...
2019-06-05 09:11:20 DEBUG [net.isetjb.FrameAbout.java:<init>():58] - START constructor...
2019-06-05 09:11:20 DEBUG [net.isetjb.FrameAbout.java:<init>():96] - End of constructor.
2019-06-05 09:11:20 DEBUG [net.isetjb.Frame1.java:<init>():49] - START constructor...
2019-06-05 09:11:20 DEBUG [net.isetjb.Frame1.java:<init>():76] - End of constructor.
2019-06-05 09:11:20 DEBUG [net.isetjb.MenuBar.java:<init>():58] - START constructor...
2019-06-05 09:11:20 DEBUG [net.isetjb.MenuBar.java:<init>():79] - End of constructor.
2019-06-05 09:11:20 DEBUG [net.isetjb.Desktop.java:<init>():65] - START constructor...
2019-06-05 09:11:20 DEBUG [net.isetjb.Desktop.java:<init>():134] - End of constructor.
2019-06-05 09:11:20 INFO  [net.isetjb.Application.java:main():52] - Application twentyone-1.0.0 started.
2019-06-05 09:11:24 DEBUG [net.isetjb.Desktop.java:windowClosing():123] - WindowEvent on WINDOW_CLOSING,opposite=null,oldState=0,newState=0
2019-06-05 09:11:24 DEBUG [net.isetjb.Desktop.java:confirmBeforeExit():144] - Display confirm dialog...
2019-06-05 09:11:26 DEBUG [net.isetjb.Desktop.java:confirmBeforeExit():148] - User answer YES.
2019-06-05 09:19:46 INFO  [net.isetjb.Application.java:main():41] - Initializing the application...
2019-06-05 09:19:46 DEBUG [net.isetjb.config.PROP.java:getInstance():39] - Trying to create Properties...
2019-06-05 09:19:46 DEBUG [net.isetjb.config.PROP.java:getInstance():46] - Success add app.properties file.
2019-06-05 09:19:46 DEBUG [net.isetjb.config.I18N.java:getInstance():42] - Internationalization settings...
2019-06-05 09:19:46 INFO  [net.isetjb.config.I18N.java:getInstance():48] - Default user Locale : en_US
2019-06-05 09:19:46 INFO  [net.isetjb.config.I18N.java:init():91] - Locale configured successfully to : en_US
2019-06-05 09:19:46 DEBUG [net.isetjb.Application.java:macosConfig():62] - Special settings for macOS users...
2019-06-05 09:19:46 INFO  [net.isetjb.Application.java:main():47] - Starting twentyone-1.0.0 Application...
2019-06-05 09:19:48 DEBUG [net.isetjb.FrameAbout.java:<init>():58] - START constructor...
2019-06-05 09:19:48 DEBUG [net.isetjb.FrameAbout.java:<init>():96] - End of constructor.
2019-06-05 09:19:48 DEBUG [net.isetjb.Frame1.java:<init>():53] - START constructor...
2019-06-05 09:19:48 DEBUG [net.isetjb.Frame1.java:<init>():85] - End of constructor.
2019-06-05 09:19:48 DEBUG [net.isetjb.MenuBar.java:<init>():58] - START constructor...
2019-06-05 09:19:48 DEBUG [net.isetjb.MenuBar.java:<init>():79] - End of constructor.
2019-06-05 09:19:48 DEBUG [net.isetjb.Desktop.java:<init>():65] - START constructor...
2019-06-05 09:19:48 DEBUG [net.isetjb.Desktop.java:<init>():134] - End of constructor.
2019-06-05 09:19:48 INFO  [net.isetjb.Application.java:main():52] - Application twentyone-1.0.0 started.
2019-06-05 09:19:50 DEBUG [game.mechanics.GameStart.java:<init>():6] - Start game
2019-06-06 12:00:11 INFO  [net.isetjb.Application.java:main():41] - Initializing the application...
2019-06-06 12:00:11 DEBUG [net.isetjb.config.PROP.java:getInstance():39] - Trying to create Properties...
2019-06-06 12:00:11 DEBUG [net.isetjb.config.PROP.java:getInstance():46] - Success add app.properties file.
2019-06-06 12:00:11 DEBUG [net.isetjb.config.I18N.java:getInstance():42] - Internationalization settings...
2019-06-06 12:00:11 INFO  [net.isetjb.config.I18N.java:getInstance():48] - Default user Locale : en_US
2019-06-06 12:00:11 INFO  [net.isetjb.config.I18N.java:init():91] - Locale configured successfully to : en_US
2019-06-06 12:00:11 DEBUG [net.isetjb.Application.java:macosConfig():62] - Special settings for macOS users...
2019-06-06 12:00:11 INFO  [net.isetjb.Application.java:main():47] - Starting twentyone-1.0.0 Application...
2019-06-06 12:00:13 DEBUG [net.isetjb.FrameAbout.java:<init>():58] - START constructor...
2019-06-06 12:00:13 DEBUG [net.isetjb.FrameAbout.java:<init>():96] - End of constructor.
2019-06-06 12:00:13 DEBUG [net.isetjb.Frame1.java:<init>():53] - START constructor...
2019-06-06 12:00:13 DEBUG [net.isetjb.Frame1.java:<init>():85] - End of constructor.
2019-06-06 12:00:13 DEBUG [net.isetjb.MenuBar.java:<init>():58] - START constructor...
2019-06-06 12:00:13 DEBUG [net.isetjb.MenuBar.java:<init>():79] - End of constructor.
2019-06-06 12:00:13 DEBUG [net.isetjb.Desktop.java:<init>():65] - START constructor...
2019-06-06 12:00:13 DEBUG [net.isetjb.Desktop.java:<init>():134] - End of constructor.
2019-06-06 12:00:13 INFO  [net.isetjb.Application.java:main():52] - Application twentyone-1.0.0 started.
2019-06-06 12:00:15 DEBUG [game.mechanics.GameStart.java:<init>():6] - Start game
2019-06-06 12:00:28 DEBUG [net.isetjb.Desktop.java:windowClosing():123] - WindowEvent on WINDOW_CLOSING,opposite=null,oldState=0,newState=0
2019-06-06 12:00:28 DEBUG [net.isetjb.Desktop.java:confirmBeforeExit():144] - Display confirm dialog...
2019-06-06 12:00:36 DEBUG [net.isetjb.Desktop.java:confirmBeforeExit():148] - User answer YES.
2019-06-06 12:33:52 INFO  [net.isetjb.Application.java:main():41] - Initializing the application...
2019-06-06 12:33:52 DEBUG [net.isetjb.config.PROP.java:getInstance():39] - Trying to create Properties...
2019-06-06 12:33:52 DEBUG [net.isetjb.config.PROP.java:getInstance():46] - Success add app.properties file.
2019-06-06 12:33:52 DEBUG [net.isetjb.config.I18N.java:getInstance():42] - Internationalization settings...
2019-06-06 12:33:52 INFO  [net.isetjb.config.I18N.java:getInstance():48] - Default user Locale : en_US
2019-06-06 12:33:52 INFO  [net.isetjb.config.I18N.java:init():91] - Locale configured successfully to : en_US
2019-06-06 12:33:52 DEBUG [net.isetjb.Application.java:macosConfig():62] - Special settings for macOS users...
2019-06-06 12:33:52 INFO  [net.isetjb.Application.java:main():47] - Starting twentyone-1.0.0 Application...
2019-06-06 12:33:53 DEBUG [net.isetjb.FrameAbout.java:<init>():58] - START constructor...
2019-06-06 12:33:53 DEBUG [net.isetjb.FrameAbout.java:<init>():96] - End of constructor.
2019-06-06 12:33:53 DEBUG [net.isetjb.Frame1.java:<init>():53] - START constructor...
2019-06-06 12:33:53 DEBUG [net.isetjb.Frame1.java:<init>():85] - End of constructor.
2019-06-06 12:33:53 DEBUG [net.isetjb.MenuBar.java:<init>():58] - START constructor...
2019-06-06 12:33:53 DEBUG [net.isetjb.MenuBar.java:<init>():79] - End of constructor.
2019-06-06 12:33:53 DEBUG [net.isetjb.Desktop.java:<init>():65] - START constructor...
2019-06-06 12:33:53 DEBUG [net.isetjb.Desktop.java:<init>():134] - End of constructor.
2019-06-06 12:33:53 INFO  [net.isetjb.Application.java:main():52] - Application twentyone-1.0.0 started.
2019-06-06 12:33:56 DEBUG [game.mechanics.GameStart.java:<init>():6] - Start game
2019-06-06 12:33:59 DEBUG [game.mechanics.GameStart.java:<init>():6] - Start game
2019-06-06 12:36:03 INFO  [net.isetjb.Application.java:main():41] - Initializing the application...
2019-06-06 12:36:03 DEBUG [net.isetjb.config.PROP.java:getInstance():39] - Trying to create Properties...
2019-06-06 12:36:03 DEBUG [net.isetjb.config.PROP.java:getInstance():46] - Success add app.properties file.
2019-06-06 12:36:03 DEBUG [net.isetjb.config.I18N.java:getInstance():42] - Internationalization settings...
2019-06-06 12:36:03 INFO  [net.isetjb.config.I18N.java:getInstance():48] - Default user Locale : en_US
2019-06-06 12:36:03 INFO  [net.isetjb.config.I18N.java:init():91] - Locale configured successfully to : en_US
2019-06-06 12:36:03 DEBUG [net.isetjb.Application.java:macosConfig():62] - Special settings for macOS users...
2019-06-06 12:36:03 INFO  [net.isetjb.Application.java:main():47] - Starting twentyone-1.0.0 Application...
2019-06-06 12:36:05 DEBUG [net.isetjb.FrameAbout.java:<init>():58] - START constructor...
2019-06-06 12:36:05 DEBUG [net.isetjb.FrameAbout.java:<init>():96] - End of constructor.
2019-06-06 12:36:05 DEBUG [net.isetjb.Frame1.java:<init>():53] - START constructor...
2019-06-06 12:36:05 DEBUG [net.isetjb.Frame1.java:<init>():85] - End of constructor.
2019-06-06 12:36:05 DEBUG [net.isetjb.MenuBar.java:<init>():58] - START constructor...
2019-06-06 12:36:05 DEBUG [net.isetjb.MenuBar.java:<init>():79] - End of constructor.
2019-06-06 12:36:05 DEBUG [net.isetjb.Desktop.java:<init>():65] - START constructor...
2019-06-06 12:36:05 DEBUG [net.isetjb.Desktop.java:<init>():134] - End of constructor.
2019-06-06 12:36:05 INFO  [net.isetjb.Application.java:main():52] - Application twentyone-1.0.0 started.
2019-06-06 12:36:12 DEBUG [game.mechanics.GameStart.java:<init>():6] - Start game
2019-06-06 12:36:13 DEBUG [net.isetjb.Desktop.java:windowClosing():123] - WindowEvent on WINDOW_CLOSING,opposite=null,oldState=0,newState=0
2019-06-06 12:36:13 DEBUG [net.isetjb.Desktop.java:confirmBeforeExit():144] - Display confirm dialog...
2019-06-06 12:36:15 DEBUG [net.isetjb.Desktop.java:confirmBeforeExit():148] - User answer YES.
2019-06-06 12:49:52 INFO  [net.isetjb.Application.java:main():41] - Initializing the application...
2019-06-06 12:49:52 DEBUG [net.isetjb.config.PROP.java:getInstance():39] - Trying to create Properties...
2019-06-06 12:49:52 DEBUG [net.isetjb.config.PROP.java:getInstance():46] - Success add app.properties file.
2019-06-06 12:49:52 DEBUG [net.isetjb.config.I18N.java:getInstance():42] - Internationalization settings...
2019-06-06 12:49:52 INFO  [net.isetjb.config.I18N.java:getInstance():48] - Default user Locale : en_US
2019-06-06 12:49:52 INFO  [net.isetjb.config.I18N.java:init():91] - Locale configured successfully to : en_US
2019-06-06 12:49:52 DEBUG [net.isetjb.Application.java:macosConfig():62] - Special settings for macOS users...
2019-06-06 12:49:52 INFO  [net.isetjb.Application.java:main():47] - Starting twentyone-1.0.0 Application...
2019-06-06 12:49:54 DEBUG [net.isetjb.FrameAbout.java:<init>():58] - START constructor...
2019-06-06 12:49:54 DEBUG [net.isetjb.FrameAbout.java:<init>():96] - End of constructor.
2019-06-06 12:49:54 DEBUG [net.isetjb.Frame1.java:<init>():53] - START constructor...
2019-06-06 12:49:54 DEBUG [net.isetjb.Frame1.java:<init>():85] - End of constructor.
2019-06-06 12:49:54 DEBUG [net.isetjb.MenuBar.java:<init>():58] - START constructor...
2019-06-06 12:49:54 DEBUG [net.isetjb.MenuBar.java:<init>():79] - End of constructor.
2019-06-06 12:49:54 DEBUG [net.isetjb.Desktop.java:<init>():65] - START constructor...
2019-06-06 12:49:54 DEBUG [net.isetjb.Desktop.java:<init>():134] - End of constructor.
2019-06-06 12:49:54 INFO  [net.isetjb.Application.java:main():52] - Application twentyone-1.0.0 started.
2019-06-06 12:49:57 DEBUG [game.mechanics.GameStart.java:<init>():6] - Start game
2019-06-06 12:49:58 DEBUG [game.mechanics.GameStart.java:<init>():6] - Start game
2019-06-06 12:50:00 DEBUG [net.isetjb.Desktop.java:windowClosing():123] - WindowEvent on WINDOW_CLOSING,opposite=null,oldState=0,newState=0
2019-06-06 12:50:00 DEBUG [net.isetjb.Desktop.java:confirmBeforeExit():144] - Display confirm dialog...
2019-06-06 12:50:02 DEBUG [net.isetjb.Desktop.java:confirmBeforeExit():148] - User answer YES.
2019-06-06 12:52:25 INFO  [net.isetjb.Application.java:main():41] - Initializing the application...
2019-06-06 12:52:25 DEBUG [net.isetjb.config.PROP.java:getInstance():39] - Trying to create Properties...
2019-06-06 12:52:25 DEBUG [net.isetjb.config.PROP.java:getInstance():46] - Success add app.properties file.
2019-06-06 12:52:25 DEBUG [net.isetjb.config.I18N.java:getInstance():42] - Internationalization settings...
2019-06-06 12:52:25 INFO  [net.isetjb.config.I18N.java:getInstance():48] - Default user Locale : en_US
2019-06-06 12:52:25 INFO  [net.isetjb.config.I18N.java:init():91] - Locale configured successfully to : en_US
2019-06-06 12:52:25 DEBUG [net.isetjb.Application.java:macosConfig():62] - Special settings for macOS users...
2019-06-06 12:52:25 INFO  [net.isetjb.Application.java:main():47] - Starting twentyone-1.0.0 Application...
2019-06-06 12:52:26 DEBUG [net.isetjb.FrameAbout.java:<init>():58] - START constructor...
2019-06-06 12:52:26 DEBUG [net.isetjb.FrameAbout.java:<init>():96] - End of constructor.
2019-06-06 12:52:26 DEBUG [net.isetjb.Frame1.java:<init>():53] - START constructor...
2019-06-06 12:52:26 DEBUG [net.isetjb.Frame1.java:<init>():85] - End of constructor.
2019-06-06 12:52:26 DEBUG [net.isetjb.MenuBar.java:<init>():58] - START constructor...
2019-06-06 12:52:26 DEBUG [net.isetjb.MenuBar.java:<init>():79] - End of constructor.
2019-06-06 12:52:26 DEBUG [net.isetjb.Desktop.java:<init>():65] - START constructor...
2019-06-06 12:52:27 DEBUG [net.isetjb.Desktop.java:<init>():134] - End of constructor.
2019-06-06 12:52:27 INFO  [net.isetjb.Application.java:main():52] - Application twentyone-1.0.0 started.
2019-06-06 12:52:30 DEBUG [game.mechanics.GameStart.java:<init>():6] - Start game
2019-06-06 12:52:31 DEBUG [net.isetjb.Desktop.java:windowClosing():123] - WindowEvent on WINDOW_CLOSING,opposite=null,oldState=0,newState=0
2019-06-06 12:52:31 DEBUG [net.isetjb.Desktop.java:confirmBeforeExit():144] - Display confirm dialog...
2019-06-06 12:52:32 DEBUG [net.isetjb.Desktop.java:confirmBeforeExit():148] - User answer YES.
2019-06-06 15:10:47 INFO  [net.isetjb.Application.java:main():41] - Initializing the application...
2019-06-06 15:10:47 DEBUG [net.isetjb.config.PROP.java:getInstance():39] - Trying to create Properties...
2019-06-06 15:10:47 DEBUG [net.isetjb.config.PROP.java:getInstance():46] - Success add app.properties file.
2019-06-06 15:10:47 DEBUG [net.isetjb.config.I18N.java:getInstance():42] - Internationalization settings...
2019-06-06 15:10:47 INFO  [net.isetjb.config.I18N.java:getInstance():48] - Default user Locale : en_US
2019-06-06 15:10:47 INFO  [net.isetjb.config.I18N.java:init():91] - Locale configured successfully to : en_US
2019-06-06 15:10:47 DEBUG [net.isetjb.Application.java:macosConfig():62] - Special settings for macOS users...
2019-06-06 15:10:47 INFO  [net.isetjb.Application.java:main():47] - Starting twentyone-1.0.0 Application...
2019-06-06 15:10:49 DEBUG [net.isetjb.FrameAbout.java:<init>():58] - START constructor...
2019-06-06 15:10:49 DEBUG [net.isetjb.FrameAbout.java:<init>():96] - End of constructor.
2019-06-06 15:10:49 DEBUG [net.isetjb.Frame1.java:<init>():53] - START constructor...
2019-06-06 15:10:49 DEBUG [net.isetjb.Frame1.java:<init>():85] - End of constructor.
2019-06-06 15:10:49 DEBUG [net.isetjb.MenuBar.java:<init>():58] - START constructor...
2019-06-06 15:10:49 DEBUG [net.isetjb.MenuBar.java:<init>():79] - End of constructor.
2019-06-06 15:10:49 DEBUG [net.isetjb.Desktop.java:<init>():65] - START constructor...
2019-06-06 15:10:49 DEBUG [net.isetjb.Desktop.java:<init>():134] - End of constructor.
2019-06-06 15:10:49 INFO  [net.isetjb.Application.java:main():52] - Application twentyone-1.0.0 started.
2019-06-06 15:10:51 DEBUG [game.mechanics.GameStart.java:<init>():6] - Start game
2019-06-06 15:10:52 DEBUG [net.isetjb.Desktop.java:windowClosing():123] - WindowEvent on WINDOW_CLOSING,opposite=null,oldState=0,newState=0
2019-06-06 15:10:52 DEBUG [net.isetjb.Desktop.java:confirmBeforeExit():144] - Display confirm dialog...
2019-06-06 15:10:54 DEBUG [net.isetjb.Desktop.java:confirmBeforeExit():148] - User answer YES.
2019-06-06 15:11:06 INFO  [net.isetjb.Application.java:main():41] - Initializing the application...
2019-06-06 15:11:06 DEBUG [net.isetjb.config.PROP.java:getInstance():39] - Trying to create Properties...
2019-06-06 15:11:06 DEBUG [net.isetjb.config.PROP.java:getInstance():46] - Success add app.properties file.
2019-06-06 15:11:06 DEBUG [net.isetjb.config.I18N.java:getInstance():42] - Internationalization settings...
2019-06-06 15:11:06 INFO  [net.isetjb.config.I18N.java:getInstance():48] - Default user Locale : en_US
2019-06-06 15:11:06 INFO  [net.isetjb.config.I18N.java:init():91] - Locale configured successfully to : en_US
2019-06-06 15:11:06 DEBUG [net.isetjb.Application.java:macosConfig():62] - Special settings for macOS users...
2019-06-06 15:11:06 INFO  [net.isetjb.Application.java:main():47] - Starting twentyone-1.0.0 Application...
2019-06-06 15:11:08 DEBUG [net.isetjb.FrameAbout.java:<init>():58] - START constructor...
2019-06-06 15:11:08 DEBUG [net.isetjb.FrameAbout.java:<init>():96] - End of constructor.
2019-06-06 15:11:08 DEBUG [net.isetjb.MenuBar.java:<init>():58] - START constructor...
2019-06-06 15:11:08 DEBUG [net.isetjb.MenuBar.java:<init>():79] - End of constructor.
2019-06-06 15:11:08 DEBUG [net.isetjb.Desktop.java:<init>():43] - START constructor...
2019-06-06 15:11:08 DEBUG [net.isetjb.Desktop.java:<init>():112] - End of constructor.
2019-06-06 15:11:08 INFO  [net.isetjb.Application.java:main():52] - Application twentyone-1.0.0 started.
2019-06-06 15:13:23 DEBUG [net.isetjb.Desktop.java:actionPerformed():89] - ActionEvent on Frame1
2019-06-06 15:13:28 DEBUG [net.isetjb.Desktop.java:actionPerformed():89] - ActionEvent on Frame1
2019-06-06 15:13:30 DEBUG [net.isetjb.Desktop.java:windowClosing():101] - WindowEvent on WINDOW_CLOSING,opposite=null,oldState=0,newState=0
2019-06-06 15:13:30 DEBUG [net.isetjb.Desktop.java:confirmBeforeExit():122] - Display confirm dialog...
2019-06-06 15:13:32 DEBUG [net.isetjb.Desktop.java:confirmBeforeExit():126] - User answer YES.
2019-06-06 15:16:55 INFO  [net.isetjb.Application.java:main():41] - Initializing the application...
2019-06-06 15:16:55 DEBUG [net.isetjb.config.PROP.java:getInstance():39] - Trying to create Properties...
2019-06-06 15:16:55 DEBUG [net.isetjb.config.PROP.java:getInstance():46] - Success add app.properties file.
2019-06-06 15:16:55 DEBUG [net.isetjb.config.I18N.java:getInstance():42] - Internationalization settings...
2019-06-06 15:16:55 INFO  [net.isetjb.config.I18N.java:getInstance():48] - Default user Locale : en_US
2019-06-06 15:16:55 INFO  [net.isetjb.config.I18N.java:init():91] - Locale configured successfully to : en_US
2019-06-06 15:16:55 DEBUG [net.isetjb.Application.java:macosConfig():62] - Special settings for macOS users...
2019-06-06 15:16:55 INFO  [net.isetjb.Application.java:main():47] - Starting twentyone-1.0.0 Application...
2019-06-06 15:16:57 DEBUG [net.isetjb.FrameAbout.java:<init>():58] - START constructor...
2019-06-06 15:16:57 DEBUG [net.isetjb.FrameAbout.java:<init>():96] - End of constructor.
2019-06-06 15:16:57 DEBUG [net.isetjb.MenuBar.java:<init>():58] - START constructor...
2019-06-06 15:16:57 DEBUG [net.isetjb.MenuBar.java:<init>():79] - End of constructor.
2019-06-06 15:16:57 DEBUG [net.isetjb.Desktop.java:<init>():43] - START constructor...
2019-06-06 15:16:57 DEBUG [net.isetjb.Desktop.java:<init>():112] - End of constructor.
2019-06-06 15:16:57 INFO  [net.isetjb.Application.java:main():52] - Application twentyone-1.0.0 started.
2019-06-06 15:17:07 DEBUG [net.isetjb.Desktop.java:windowClosing():101] - WindowEvent on WINDOW_CLOSING,opposite=null,oldState=0,newState=0
2019-06-06 15:17:07 DEBUG [net.isetjb.Desktop.java:confirmBeforeExit():122] - Display confirm dialog...
2019-06-06 15:17:08 DEBUG [net.isetjb.Desktop.java:confirmBeforeExit():126] - User answer YES.
2019-06-06 15:20:12 INFO  [net.isetjb.Application.java:main():41] - Initializing the application...
2019-06-06 15:20:12 DEBUG [net.isetjb.config.PROP.java:getInstance():39] - Trying to create Properties...
2019-06-06 15:20:12 DEBUG [net.isetjb.config.PROP.java:getInstance():46] - Success add app.properties file.
2019-06-06 15:20:12 DEBUG [net.isetjb.config.I18N.java:getInstance():42] - Internationalization settings...
2019-06-06 15:20:12 INFO  [net.isetjb.config.I18N.java:getInstance():48] - Default user Locale : en_US
2019-06-06 15:20:12 INFO  [net.isetjb.config.I18N.java:init():91] - Locale configured successfully to : en_US
2019-06-06 15:20:12 DEBUG [net.isetjb.Application.java:macosConfig():62] - Special settings for macOS users...
2019-06-06 15:20:12 INFO  [net.isetjb.Application.java:main():47] - Starting twentyone-1.0.0 Application...
2019-06-06 15:20:14 DEBUG [net.isetjb.FrameAbout.java:<init>():58] - START constructor...
2019-06-06 15:20:14 DEBUG [net.isetjb.FrameAbout.java:<init>():96] - End of constructor.
2019-06-06 15:20:14 DEBUG [net.isetjb.Frame1.java:<init>():94] - Constructing frame
2019-06-06 15:20:14 DEBUG [net.isetjb.MenuBar.java:<init>():58] - START constructor...
2019-06-06 15:20:14 DEBUG [net.isetjb.MenuBar.java:<init>():79] - End of constructor.
2019-06-06 15:20:14 DEBUG [net.isetjb.Desktop.java:<init>():43] - START constructor...
2019-06-06 15:20:14 DEBUG [net.isetjb.Desktop.java:<init>():112] - End of constructor.
2019-06-06 15:20:14 INFO  [net.isetjb.Application.java:main():52] - Application twentyone-1.0.0 started.
2019-06-06 15:20:29 DEBUG [net.isetjb.Desktop.java:windowClosing():101] - WindowEvent on WINDOW_CLOSING,opposite=null,oldState=0,newState=0
2019-06-06 15:20:29 DEBUG [net.isetjb.Desktop.java:confirmBeforeExit():122] - Display confirm dialog...
2019-06-06 15:20:33 DEBUG [net.isetjb.Desktop.java:confirmBeforeExit():126] - User answer YES.
2019-06-06 15:21:57 INFO  [net.isetjb.Application.java:main():41] - Initializing the application...
2019-06-06 15:21:57 DEBUG [net.isetjb.config.PROP.java:getInstance():39] - Trying to create Properties...
2019-06-06 15:21:57 DEBUG [net.isetjb.config.PROP.java:getInstance():46] - Success add app.properties file.
2019-06-06 15:21:57 DEBUG [net.isetjb.config.I18N.java:getInstance():42] - Internationalization settings...
2019-06-06 15:21:57 INFO  [net.isetjb.config.I18N.java:getInstance():48] - Default user Locale : en_US
2019-06-06 15:21:57 INFO  [net.isetjb.config.I18N.java:init():91] - Locale configured successfully to : en_US
2019-06-06 15:21:57 DEBUG [net.isetjb.Application.java:macosConfig():62] - Special settings for macOS users...
2019-06-06 15:21:57 INFO  [net.isetjb.Application.java:main():47] - Starting twentyone-1.0.0 Application...
2019-06-06 15:21:58 DEBUG [net.isetjb.FrameAbout.java:<init>():58] - START constructor...
2019-06-06 15:21:58 DEBUG [net.isetjb.FrameAbout.java:<init>():96] - End of constructor.
2019-06-06 15:21:58 DEBUG [net.isetjb.Frame1.java:<init>():94] - Constructing frame
2019-06-06 15:21:58 DEBUG [net.isetjb.MenuBar.java:<init>():58] - START constructor...
2019-06-06 15:21:58 DEBUG [net.isetjb.MenuBar.java:<init>():79] - End of constructor.
2019-06-06 15:21:58 DEBUG [net.isetjb.Desktop.java:<init>():43] - START constructor...
2019-06-06 15:21:59 DEBUG [net.isetjb.Desktop.java:<init>():112] - End of constructor.
2019-06-06 15:21:59 INFO  [net.isetjb.Application.java:main():52] - Application twentyone-1.0.0 started.
2019-06-06 15:22:03 DEBUG [net.isetjb.Desktop.java:windowClosing():101] - WindowEvent on WINDOW_CLOSING,opposite=null,oldState=0,newState=0
2019-06-06 15:22:03 DEBUG [net.isetjb.Desktop.java:confirmBeforeExit():122] - Display confirm dialog...
2019-06-06 15:22:05 DEBUG [net.isetjb.Desktop.java:confirmBeforeExit():126] - User answer YES.
2019-06-06 15:22:47 INFO  [net.isetjb.Application.java:main():41] - Initializing the application...
2019-06-06 15:22:47 DEBUG [net.isetjb.config.PROP.java:getInstance():39] - Trying to create Properties...
2019-06-06 15:22:47 DEBUG [net.isetjb.config.PROP.java:getInstance():46] - Success add app.properties file.
2019-06-06 15:22:47 DEBUG [net.isetjb.config.I18N.java:getInstance():42] - Internationalization settings...
2019-06-06 15:22:47 INFO  [net.isetjb.config.I18N.java:getInstance():48] - Default user Locale : en_US
2019-06-06 15:22:47 INFO  [net.isetjb.config.I18N.java:init():91] - Locale configured successfully to : en_US
2019-06-06 15:22:47 DEBUG [net.isetjb.Application.java:macosConfig():62] - Special settings for macOS users...
2019-06-06 15:22:47 INFO  [net.isetjb.Application.java:main():47] - Starting twentyone-1.0.0 Application...
2019-06-06 15:22:48 DEBUG [net.isetjb.FrameAbout.java:<init>():58] - START constructor...
2019-06-06 15:22:48 DEBUG [net.isetjb.FrameAbout.java:<init>():96] - End of constructor.
2019-06-06 15:22:48 DEBUG [net.isetjb.Frame1.java:<init>():94] - Constructing frame
2019-06-06 15:22:49 DEBUG [net.isetjb.MenuBar.java:<init>():58] - START constructor...
2019-06-06 15:22:49 DEBUG [net.isetjb.MenuBar.java:<init>():79] - End of constructor.
2019-06-06 15:22:49 DEBUG [net.isetjb.Desktop.java:<init>():43] - START constructor...
2019-06-06 15:22:49 DEBUG [net.isetjb.Desktop.java:<init>():112] - End of constructor.
2019-06-06 15:22:49 INFO  [net.isetjb.Application.java:main():52] - Application twentyone-1.0.0 started.
2019-06-06 15:22:53 DEBUG [net.isetjb.Desktop.java:windowClosing():101] - WindowEvent on WINDOW_CLOSING,opposite=null,oldState=0,newState=0
2019-06-06 15:22:53 DEBUG [net.isetjb.Desktop.java:confirmBeforeExit():122] - Display confirm dialog...
2019-06-06 15:22:54 DEBUG [net.isetjb.Desktop.java:confirmBeforeExit():126] - User answer YES.
2019-06-06 15:34:35 INFO  [net.isetjb.Application.java:main():41] - Initializing the application...
2019-06-06 15:34:35 DEBUG [net.isetjb.config.PROP.java:getInstance():39] - Trying to create Properties...
2019-06-06 15:34:35 DEBUG [net.isetjb.config.PROP.java:getInstance():46] - Success add app.properties file.
2019-06-06 15:34:35 DEBUG [net.isetjb.config.I18N.java:getInstance():42] - Internationalization settings...
2019-06-06 15:34:35 INFO  [net.isetjb.config.I18N.java:getInstance():48] - Default user Locale : en_US
2019-06-06 15:34:35 INFO  [net.isetjb.config.I18N.java:init():91] - Locale configured successfully to : en_US
2019-06-06 15:34:35 DEBUG [net.isetjb.Application.java:macosConfig():62] - Special settings for macOS users...
2019-06-06 15:34:35 INFO  [net.isetjb.Application.java:main():47] - Starting twentyone-1.0.0 Application...
2019-06-06 15:34:37 DEBUG [net.isetjb.FrameAbout.java:<init>():58] - START constructor...
2019-06-06 15:34:37 DEBUG [net.isetjb.FrameAbout.java:<init>():96] - End of constructor.
2019-06-06 15:34:37 DEBUG [net.isetjb.Frame1.java:<init>():94] - Constructing frame
2019-06-06 15:34:37 DEBUG [net.isetjb.MenuBar.java:<init>():58] - START constructor...
2019-06-06 15:34:37 DEBUG [net.isetjb.MenuBar.java:<init>():79] - End of constructor.
2019-06-06 15:34:37 DEBUG [net.isetjb.Desktop.java:<init>():43] - START constructor...
2019-06-06 15:34:37 DEBUG [net.isetjb.Desktop.java:<init>():112] - End of constructor.
2019-06-06 15:34:37 INFO  [net.isetjb.Application.java:main():52] - Application twentyone-1.0.0 started.
2019-06-06 15:34:40 DEBUG [net.isetjb.Desktop.java:windowClosing():101] - WindowEvent on WINDOW_CLOSING,opposite=null,oldState=0,newState=0
2019-06-06 15:34:40 DEBUG [net.isetjb.Desktop.java:confirmBeforeExit():122] - Display confirm dialog...
2019-06-06 15:34:45 DEBUG [net.isetjb.Desktop.java:confirmBeforeExit():126] - User answer YES.
2019-06-07 14:00:07 INFO  [net.isetjb.Application.java:main():41] - Initializing the application...
2019-06-07 14:00:07 DEBUG [net.isetjb.config.PROP.java:getInstance():39] - Trying to create Properties...
2019-06-07 14:00:07 DEBUG [net.isetjb.config.PROP.java:getInstance():46] - Success add app.properties file.
2019-06-07 14:00:07 DEBUG [net.isetjb.config.I18N.java:getInstance():42] - Internationalization settings...
2019-06-07 14:00:07 INFO  [net.isetjb.config.I18N.java:getInstance():48] - Default user Locale : en_US
2019-06-07 14:00:07 INFO  [net.isetjb.config.I18N.java:init():91] - Locale configured successfully to : en_US
2019-06-07 14:00:07 DEBUG [net.isetjb.Application.java:macosConfig():62] - Special settings for macOS users...
2019-06-07 14:00:07 INFO  [net.isetjb.Application.java:main():47] - Starting twentyone-1.0.0 Application...
2019-06-07 14:00:09 DEBUG [net.isetjb.FrameAbout.java:<init>():58] - START constructor...
2019-06-07 14:00:09 DEBUG [net.isetjb.FrameAbout.java:<init>():96] - End of constructor.
2019-06-07 14:00:09 DEBUG [net.isetjb.Frame1.java:<init>():94] - Constructing frame
2019-06-07 14:00:09 DEBUG [net.isetjb.MenuBar.java:<init>():58] - START constructor...
2019-06-07 14:00:09 DEBUG [net.isetjb.MenuBar.java:<init>():79] - End of constructor.
2019-06-07 14:00:09 DEBUG [net.isetjb.Desktop.java:<init>():43] - START constructor...
2019-06-07 14:00:09 DEBUG [net.isetjb.Desktop.java:<init>():112] - End of constructor.
2019-06-07 14:00:09 INFO  [net.isetjb.Application.java:main():52] - Application twentyone-1.0.0 started.
2019-06-07 14:00:19 DEBUG [net.isetjb.Desktop.java:windowClosing():101] - WindowEvent on WINDOW_CLOSING,opposite=null,oldState=0,newState=0
2019-06-07 14:00:19 DEBUG [net.isetjb.Desktop.java:confirmBeforeExit():122] - Display confirm dialog...
2019-06-07 14:00:21 DEBUG [net.isetjb.Desktop.java:confirmBeforeExit():126] - User answer YES.
